2022-08-15T13:45:56.976312+09:00 0 [Warning] TIMESTAMP with implicit DEFAULT value is deprecated. Please use --explicit_defaults_for_timestamp server option (see documentation for more details).
2022-08-15T13:45:56.991406+09:00 0 [Note] /usr/sbin/mysqld (mysqld 5.7.36-log) starting as process 1 ...
2022-08-15T13:45:57.009991+09:00 0 [Warning] Setting lower_case_table_names=2 because file system for /var/lib/mysql/ is case insensitive
2022-08-15T13:45:57.035822+09:00 0 [Note] InnoDB: PUNCH HOLE support available
2022-08-15T13:45:57.038285+09:00 0 [Note] InnoDB: Mutexes and rw_locks use GCC atomic builtins
2022-08-15T13:45:57.038822+09:00 0 [Note] InnoDB: Uses event mutexes
2022-08-15T13:45:57.039424+09:00 0 [Note] InnoDB: GCC builtin __atomic_thread_fence() is used for memory barrier
2022-08-15T13:45:57.040079+09:00 0 [Note] InnoDB: Compressed tables use zlib 1.2.11
2022-08-15T13:45:57.040625+09:00 0 [Note] InnoDB: Using Linux native AIO
2022-08-15T13:45:57.046210+09:00 0 [Note] InnoDB: Number of pools: 1
2022-08-15T13:45:57.049307+09:00 0 [Note] InnoDB: Using CPU crc32 instructions
2022-08-15T13:45:57.051576+09:00 0 [ERROR] InnoDB: Linux Native AIO interface is not supported on this platform. Please check your OS documentation and install appropriate binary of InnoDB.
2022-08-15T13:45:57.052181+09:00 0 [Note] InnoDB: You can disable Linux Native AIO by setting innodb_use_native_aio = 0 in my.cnf
2022-08-15T13:45:57.052893+09:00 0 [Warning] InnoDB: Linux Native AIO disabled.
2022-08-15T13:45:57.057178+09:00 0 [Note] InnoDB: Initializing buffer pool, total size = 128M, instances = 1, chunk size = 128M
2022-08-15T13:45:57.110252+09:00 0 [Note] InnoDB: Completed initialization of buffer pool
2022-08-15T13:45:57.129689+09:00 0 [Note] InnoDB: If the mysqld execution user is authorized, page cleaner thread priority can be changed. See the man page of setpriority().
2022-08-15T13:45:57.206525+09:00 0 [Note] InnoDB: Highest supported file format is Barracuda.
2022-08-15T13:45:57.374588+09:00 0 [Note] InnoDB: Creating shared tablespace for temporary tables
2022-08-15T13:45:57.379322+09:00 0 [Note] InnoDB: Setting file './ibtmp1' size to 12 MB. Physically writing the file full; Please wait ...
2022-08-15T13:45:57.574120+09:00 0 [Note] InnoDB: File './ibtmp1' size is now 12 MB.
2022-08-15T13:45:57.582912+09:00 0 [Note] InnoDB: 96 redo rollback segment(s) found. 96 redo rollback segment(s) are active.
2022-08-15T13:45:57.583642+09:00 0 [Note] InnoDB: 32 non-redo rollback segment(s) are active.
2022-08-15T13:45:57.591914+09:00 0 [Note] InnoDB: Waiting for purge to start
2022-08-15T13:45:57.643854+09:00 0 [Note] InnoDB: 5.7.36 started; log sequence number 12660353
2022-08-15T13:45:57.647789+09:00 0 [Note] InnoDB: Loading buffer pool(s) from /var/lib/mysql/ib_buffer_pool
2022-08-15T13:45:57.650512+09:00 0 [Note] Plugin 'FEDERATED' is disabled.
2022-08-15T13:45:57.762967+09:00 0 [Note] InnoDB: Buffer pool(s) load completed at 220815 13:45:57
2022-08-15T13:45:57.767657+09:00 0 [Note] Found ca.pem, server-cert.pem and server-key.pem in data directory. Trying to enable SSL support using them.
2022-08-15T13:45:57.768211+09:00 0 [Note] Skipping generation of SSL certificates as certificate files are present in data directory.
2022-08-15T13:45:57.769218+09:00 0 [Warning] A deprecated TLS version TLSv1 is enabled. Please use TLSv1.2 or higher.
2022-08-15T13:45:57.769775+09:00 0 [Warning] A deprecated TLS version TLSv1.1 is enabled. Please use TLSv1.2 or higher.
2022-08-15T13:45:57.795062+09:00 0 [Warning] CA certificate ca.pem is self signed.
2022-08-15T13:45:57.797039+09:00 0 [Note] Skipping generation of RSA key pair as key files are present in data directory.
2022-08-15T13:45:57.808417+09:00 0 [Note] Server hostname (bind-address): '*'; port: 3306
2022-08-15T13:45:57.809622+09:00 0 [Note] IPv6 is available.
2022-08-15T13:45:57.810348+09:00 0 [Note]   - '::' resolves to '::';
2022-08-15T13:45:57.811281+09:00 0 [Note] Server socket created on IP: '::'.
2022-08-15T13:45:57.813896+09:00 0 [Warning] Insecure configuration for --pid-file: Location '/var/run/mysqld' in the path is accessible to all OS users. Consider choosing a different directory.
2022-08-15T13:45:58.183353+09:00 0 [Note] Event Scheduler: Loaded 0 events
2022-08-15T13:45:58.190783+09:00 0 [Note] /usr/sbin/mysqld: ready for connections.
Version: '5.7.36-log'  socket: '/var/run/mysqld/mysqld.sock'  port: 3306  MySQL Community Server (GPL)
2022-08-15T14:35:04.674992+09:00 0 [Note] Giving 0 client threads a chance to die gracefully
2022-08-15T14:35:04.679483+09:00 0 [Note] Shutting down slave threads
2022-08-15T14:35:04.680179+09:00 0 [Note] Forcefully disconnecting 0 remaining clients
2022-08-15T14:35:04.681839+09:00 0 [Note] Event Scheduler: Purging the queue. 0 events
2022-08-15T14:35:04.684485+09:00 0 [Note] Binlog end
2022-08-15T14:35:04.707126+09:00 0 [Note] Shutting down plugin 'ngram'
2022-08-15T14:35:04.707878+09:00 0 [Note] Shutting down plugin 'partition'
2022-08-15T14:35:04.708399+09:00 0 [Note] Shutting down plugin 'BLACKHOLE'
2022-08-15T14:35:04.709431+09:00 0 [Note] Shutting down plugin 'ARCHIVE'
2022-08-15T14:35:04.709955+09:00 0 [Note] Shutting down plugin 'PERFORMANCE_SCHEMA'
2022-08-15T14:35:04.712274+09:00 0 [Note] Shutting down plugin 'MRG_MYISAM'
2022-08-15T14:35:04.713089+09:00 0 [Note] Shutting down plugin 'MyISAM'
2022-08-15T14:35:04.713837+09:00 0 [Note] Shutting down plugin 'INNODB_SYS_VIRTUAL'
2022-08-15T14:35:04.714987+09:00 0 [Note] Shutting down plugin 'INNODB_SYS_DATAFILES'
2022-08-15T14:35:04.715476+09:00 0 [Note] Shutting down plugin 'INNODB_SYS_TABLESPACES'
2022-08-15T14:35:04.716071+09:00 0 [Note] Shutting down plugin 'INNODB_SYS_FOREIGN_COLS'
2022-08-15T14:35:04.716611+09:00 0 [Note] Shutting down plugin 'INNODB_SYS_FOREIGN'
2022-08-15T14:35:04.717156+09:00 0 [Note] Shutting down plugin 'INNODB_SYS_FIELDS'
2022-08-15T14:35:04.717715+09:00 0 [Note] Shutting down plugin 'INNODB_SYS_COLUMNS'
2022-08-15T14:35:04.718155+09:00 0 [Note] Shutting down plugin 'INNODB_SYS_INDEXES'
2022-08-15T14:35:04.718776+09:00 0 [Note] Shutting down plugin 'INNODB_SYS_TABLESTATS'
2022-08-15T14:35:04.719293+09:00 0 [Note] Shutting down plugin 'INNODB_SYS_TABLES'
2022-08-15T14:35:04.719837+09:00 0 [Note] Shutting down plugin 'INNODB_FT_INDEX_TABLE'
2022-08-15T14:35:04.720447+09:00 0 [Note] Shutting down plugin 'INNODB_FT_INDEX_CACHE'
2022-08-15T14:35:04.721014+09:00 0 [Note] Shutting down plugin 'INNODB_FT_CONFIG'
2022-08-15T14:35:04.721542+09:00 0 [Note] Shutting down plugin 'INNODB_FT_BEING_DELETED'
2022-08-15T14:35:04.722041+09:00 0 [Note] Shutting down plugin 'INNODB_FT_DELETED'
2022-08-15T14:35:04.722549+09:00 0 [Note] Shutting down plugin 'INNODB_FT_DEFAULT_STOPWORD'
2022-08-15T14:35:04.723063+09:00 0 [Note] Shutting down plugin 'INNODB_METRICS'
2022-08-15T14:35:04.723587+09:00 0 [Note] Shutting down plugin 'INNODB_TEMP_TABLE_INFO'
2022-08-15T14:35:04.724126+09:00 0 [Note] Shutting down plugin 'INNODB_BUFFER_POOL_STATS'
2022-08-15T14:35:04.724559+09:00 0 [Note] Shutting down plugin 'INNODB_BUFFER_PAGE_LRU'
2022-08-15T14:35:04.725065+09:00 0 [Note] Shutting down plugin 'INNODB_BUFFER_PAGE'
2022-08-15T14:35:04.726031+09:00 0 [Note] Shutting down plugin 'INNODB_CMP_PER_INDEX_RESET'
2022-08-15T14:35:04.726461+09:00 0 [Note] Shutting down plugin 'INNODB_CMP_PER_INDEX'
2022-08-15T14:35:04.726944+09:00 0 [Note] Shutting down plugin 'INNODB_CMPMEM_RESET'
2022-08-15T14:35:04.727500+09:00 0 [Note] Shutting down plugin 'INNODB_CMPMEM'
2022-08-15T14:35:04.728056+09:00 0 [Note] Shutting down plugin 'INNODB_CMP_RESET'
2022-08-15T14:35:04.728564+09:00 0 [Note] Shutting down plugin 'INNODB_CMP'
2022-08-15T14:35:04.729145+09:00 0 [Note] Shutting down plugin 'INNODB_LOCK_WAITS'
2022-08-15T14:35:04.729725+09:00 0 [Note] Shutting down plugin 'INNODB_LOCKS'
2022-08-15T14:35:04.730240+09:00 0 [Note] Shutting down plugin 'INNODB_TRX'
2022-08-15T14:35:04.730847+09:00 0 [Note] Shutting down plugin 'InnoDB'
2022-08-15T14:35:04.740526+09:00 0 [Note] InnoDB: FTS optimize thread exiting.
2022-08-15T14:35:04.742302+09:00 0 [Note] InnoDB: Starting shutdown...
2022-08-15T14:35:04.847854+09:00 0 [Note] InnoDB: Dumping buffer pool(s) to /var/lib/mysql/ib_buffer_pool
2022-08-15T14:35:04.857706+09:00 0 [Note] InnoDB: Buffer pool(s) dump completed at 220815 14:35:04
2022-08-15T14:35:05.532729+09:00 0 [Note] InnoDB: Shutdown completed; log sequence number 12660381
2022-08-15T14:35:05.538864+09:00 0 [Note] InnoDB: Removed temporary tablespace data file: "ibtmp1"
2022-08-15T14:35:05.539609+09:00 0 [Note] Shutting down plugin 'MEMORY'
2022-08-15T14:35:05.540475+09:00 0 [Note] Shutting down plugin 'CSV'
2022-08-15T14:35:05.541158+09:00 0 [Note] Shutting down plugin 'sha256_password'
2022-08-15T14:35:05.541817+09:00 0 [Note] Shutting down plugin 'mysql_native_password'
2022-08-15T14:35:05.543481+09:00 0 [Note] Shutting down plugin 'binlog'
2022-08-15T14:35:05.610809+09:00 0 [Note] /usr/sbin/mysqld: Shutdown complete

2022-08-15T14:35:07.946829+09:00 0 [Warning] TIMESTAMP with implicit DEFAULT value is deprecated. Please use --explicit_defaults_for_timestamp server option (see documentation for more details).
2022-08-15T14:35:07.960104+09:00 0 [Note] /usr/sbin/mysqld (mysqld 5.7.36-log) starting as process 1 ...
2022-08-15T14:35:07.979425+09:00 0 [Warning] Setting lower_case_table_names=2 because file system for /var/lib/mysql/ is case insensitive
2022-08-15T14:35:08.002903+09:00 0 [Note] InnoDB: PUNCH HOLE support available
2022-08-15T14:35:08.005586+09:00 0 [Note] InnoDB: Mutexes and rw_locks use GCC atomic builtins
2022-08-15T14:35:08.006212+09:00 0 [Note] InnoDB: Uses event mutexes
2022-08-15T14:35:08.006892+09:00 0 [Note] InnoDB: GCC builtin __atomic_thread_fence() is used for memory barrier
2022-08-15T14:35:08.007759+09:00 0 [Note] InnoDB: Compressed tables use zlib 1.2.11
2022-08-15T14:35:08.008669+09:00 0 [Note] InnoDB: Using Linux native AIO
2022-08-15T14:35:08.014037+09:00 0 [Note] InnoDB: Number of pools: 1
2022-08-15T14:35:08.016396+09:00 0 [Note] InnoDB: Using CPU crc32 instructions
2022-08-15T14:35:08.018664+09:00 0 [ERROR] InnoDB: Linux Native AIO interface is not supported on this platform. Please check your OS documentation and install appropriate binary of InnoDB.
2022-08-15T14:35:08.019299+09:00 0 [Note] InnoDB: You can disable Linux Native AIO by setting innodb_use_native_aio = 0 in my.cnf
2022-08-15T14:35:08.020047+09:00 0 [Warning] InnoDB: Linux Native AIO disabled.
2022-08-15T14:35:08.024509+09:00 0 [Note] InnoDB: Initializing buffer pool, total size = 128M, instances = 1, chunk size = 128M
2022-08-15T14:35:08.076947+09:00 0 [Note] InnoDB: Completed initialization of buffer pool
2022-08-15T14:35:08.096670+09:00 0 [Note] InnoDB: If the mysqld execution user is authorized, page cleaner thread priority can be changed. See the man page of setpriority().
2022-08-15T14:35:08.175938+09:00 0 [Note] InnoDB: Highest supported file format is Barracuda.
2022-08-15T14:35:08.334525+09:00 0 [Note] InnoDB: Creating shared tablespace for temporary tables
2022-08-15T14:35:08.338571+09:00 0 [Note] InnoDB: Setting file './ibtmp1' size to 12 MB. Physically writing the file full; Please wait ...
2022-08-15T14:35:08.531085+09:00 0 [Note] InnoDB: File './ibtmp1' size is now 12 MB.
2022-08-15T14:35:08.540490+09:00 0 [Note] InnoDB: 96 redo rollback segment(s) found. 96 redo rollback segment(s) are active.
2022-08-15T14:35:08.541168+09:00 0 [Note] InnoDB: 32 non-redo rollback segment(s) are active.
2022-08-15T14:35:08.549360+09:00 0 [Note] InnoDB: Waiting for purge to start
2022-08-15T14:35:08.601053+09:00 0 [Note] InnoDB: 5.7.36 started; log sequence number 12660381
2022-08-15T14:35:08.604289+09:00 0 [Note] InnoDB: Loading buffer pool(s) from /var/lib/mysql/ib_buffer_pool
2022-08-15T14:35:08.606606+09:00 0 [Note] Plugin 'FEDERATED' is disabled.
2022-08-15T14:35:08.659992+09:00 0 [Note] InnoDB: Buffer pool(s) load completed at 220815 14:35:08
2022-08-15T14:35:08.674490+09:00 0 [Note] Found ca.pem, server-cert.pem and server-key.pem in data directory. Trying to enable SSL support using them.
2022-08-15T14:35:08.675205+09:00 0 [Note] Skipping generation of SSL certificates as certificate files are present in data directory.
2022-08-15T14:35:08.675910+09:00 0 [Warning] A deprecated TLS version TLSv1 is enabled. Please use TLSv1.2 or higher.
2022-08-15T14:35:08.677123+09:00 0 [Warning] A deprecated TLS version TLSv1.1 is enabled. Please use TLSv1.2 or higher.
2022-08-15T14:35:08.699624+09:00 0 [Warning] CA certificate ca.pem is self signed.
2022-08-15T14:35:08.701420+09:00 0 [Note] Skipping generation of RSA key pair as key files are present in data directory.
2022-08-15T14:35:08.709174+09:00 0 [Note] Server hostname (bind-address): '*'; port: 3306
2022-08-15T14:35:08.710370+09:00 0 [Note] IPv6 is available.
2022-08-15T14:35:08.711159+09:00 0 [Note]   - '::' resolves to '::';
2022-08-15T14:35:08.712017+09:00 0 [Note] Server socket created on IP: '::'.
2022-08-15T14:35:08.714958+09:00 0 [Warning] Insecure configuration for --pid-file: Location '/var/run/mysqld' in the path is accessible to all OS users. Consider choosing a different directory.
2022-08-15T14:35:08.926962+09:00 0 [Note] Event Scheduler: Loaded 0 events
2022-08-15T14:35:08.930087+09:00 0 [Note] /usr/sbin/mysqld: ready for connections.
Version: '5.7.36-log'  socket: '/var/run/mysqld/mysqld.sock'  port: 3306  MySQL Community Server (GPL)
2022-08-15T14:38:42.936327+09:00 2 [Note] Access denied for user 'root'@'localhost' (using password: YES)
2022-08-15T14:38:54.236551+09:00 3 [Note] Access denied for user 'root'@'localhost' (using password: YES)
2022-08-15T14:52:15.573032+09:00 0 [Note] Giving 0 client threads a chance to die gracefully
2022-08-15T14:52:15.575064+09:00 0 [Note] Shutting down slave threads
2022-08-15T14:52:15.576244+09:00 0 [Note] Forcefully disconnecting 0 remaining clients
2022-08-15T14:52:15.577273+09:00 0 [Note] Event Scheduler: Purging the queue. 0 events
2022-08-15T14:52:15.579734+09:00 0 [Note] Binlog end
2022-08-15T14:52:15.608361+09:00 0 [Note] Shutting down plugin 'ngram'
2022-08-15T14:52:15.614582+09:00 0 [Note] Shutting down plugin 'partition'
2022-08-15T14:52:15.624595+09:00 0 [Note] Shutting down plugin 'BLACKHOLE'
2022-08-15T14:52:15.625782+09:00 0 [Note] Shutting down plugin 'ARCHIVE'
2022-08-15T14:52:15.626875+09:00 0 [Note] Shutting down plugin 'PERFORMANCE_SCHEMA'
2022-08-15T14:52:15.634791+09:00 0 [Note] Shutting down plugin 'MRG_MYISAM'
2022-08-15T14:52:15.636112+09:00 0 [Note] Shutting down plugin 'MyISAM'
2022-08-15T14:52:15.637287+09:00 0 [Note] Shutting down plugin 'INNODB_SYS_VIRTUAL'
2022-08-15T14:52:15.638245+09:00 0 [Note] Shutting down plugin 'INNODB_SYS_DATAFILES'
2022-08-15T14:52:15.638959+09:00 0 [Note] Shutting down plugin 'INNODB_SYS_TABLESPACES'
2022-08-15T14:52:15.639525+09:00 0 [Note] Shutting down plugin 'INNODB_SYS_FOREIGN_COLS'
2022-08-15T14:52:15.640181+09:00 0 [Note] Shutting down plugin 'INNODB_SYS_FOREIGN'
2022-08-15T14:52:15.640892+09:00 0 [Note] Shutting down plugin 'INNODB_SYS_FIELDS'
2022-08-15T14:52:15.643991+09:00 0 [Note] Shutting down plugin 'INNODB_SYS_COLUMNS'
2022-08-15T14:52:15.654052+09:00 0 [Note] Shutting down plugin 'INNODB_SYS_INDEXES'
2022-08-15T14:52:15.659601+09:00 0 [Note] Shutting down plugin 'INNODB_SYS_TABLESTATS'
2022-08-15T14:52:15.660308+09:00 0 [Note] Shutting down plugin 'INNODB_SYS_TABLES'
2022-08-15T14:52:15.660704+09:00 0 [Note] Shutting down plugin 'INNODB_FT_INDEX_TABLE'
2022-08-15T14:52:15.673037+09:00 0 [Note] Shutting down plugin 'INNODB_FT_INDEX_CACHE'
2022-08-15T14:52:15.673462+09:00 0 [Note] Shutting down plugin 'INNODB_FT_CONFIG'
2022-08-15T14:52:15.673918+09:00 0 [Note] Shutting down plugin 'INNODB_FT_BEING_DELETED'
2022-08-15T14:52:15.674589+09:00 0 [Note] Shutting down plugin 'INNODB_FT_DELETED'
2022-08-15T14:52:15.675180+09:00 0 [Note] Shutting down plugin 'INNODB_FT_DEFAULT_STOPWORD'
2022-08-15T14:52:15.678257+09:00 0 [Note] Shutting down plugin 'INNODB_METRICS'
2022-08-15T14:52:15.683336+09:00 0 [Note] Shutting down plugin 'INNODB_TEMP_TABLE_INFO'
2022-08-15T14:52:15.683789+09:00 0 [Note] Shutting down plugin 'INNODB_BUFFER_POOL_STATS'
2022-08-15T14:52:15.684224+09:00 0 [Note] Shutting down plugin 'INNODB_BUFFER_PAGE_LRU'
2022-08-15T14:52:15.684614+09:00 0 [Note] Shutting down plugin 'INNODB_BUFFER_PAGE'
2022-08-15T14:52:15.685493+09:00 0 [Note] Shutting down plugin 'INNODB_CMP_PER_INDEX_RESET'
2022-08-15T14:52:15.685889+09:00 0 [Note] Shutting down plugin 'INNODB_CMP_PER_INDEX'
2022-08-15T14:52:15.686467+09:00 0 [Note] Shutting down plugin 'INNODB_CMPMEM_RESET'
2022-08-15T14:52:15.691208+09:00 0 [Note] Shutting down plugin 'INNODB_CMPMEM'
2022-08-15T14:52:15.691710+09:00 0 [Note] Shutting down plugin 'INNODB_CMP_RESET'
2022-08-15T14:52:15.692355+09:00 0 [Note] Shutting down plugin 'INNODB_CMP'
2022-08-15T14:52:15.692764+09:00 0 [Note] Shutting down plugin 'INNODB_LOCK_WAITS'
2022-08-15T14:52:15.693191+09:00 0 [Note] Shutting down plugin 'INNODB_LOCKS'
2022-08-15T14:52:15.693641+09:00 0 [Note] Shutting down plugin 'INNODB_TRX'
2022-08-15T14:52:15.698728+09:00 0 [Note] Shutting down plugin 'InnoDB'
2022-08-15T14:52:15.719128+09:00 0 [Note] InnoDB: FTS optimize thread exiting.
2022-08-15T14:52:15.731362+09:00 0 [Note] InnoDB: Starting shutdown...
2022-08-15T14:52:15.834812+09:00 0 [Note] InnoDB: Dumping buffer pool(s) to /var/lib/mysql/ib_buffer_pool
2022-08-15T14:52:15.844688+09:00 0 [Note] InnoDB: Buffer pool(s) dump completed at 220815 14:52:15
2022-08-15T14:52:17.169690+09:00 0 [Note] InnoDB: Shutdown completed; log sequence number 12660409
2022-08-15T14:52:17.175393+09:00 0 [Note] InnoDB: Removed temporary tablespace data file: "ibtmp1"
2022-08-15T14:52:17.176457+09:00 0 [Note] Shutting down plugin 'MEMORY'
2022-08-15T14:52:17.177405+09:00 0 [Note] Shutting down plugin 'CSV'
2022-08-15T14:52:17.178229+09:00 0 [Note] Shutting down plugin 'sha256_password'
2022-08-15T14:52:17.179044+09:00 0 [Note] Shutting down plugin 'mysql_native_password'
2022-08-15T14:52:17.181438+09:00 0 [Note] Shutting down plugin 'binlog'
2022-08-15T14:52:17.221292+09:00 0 [Note] /usr/sbin/mysqld: Shutdown complete

2022-08-15T14:53:07.203705+09:00 0 [Warning] TIMESTAMP with implicit DEFAULT value is deprecated. Please use --explicit_defaults_for_timestamp server option (see documentation for more details).
2022-08-15T14:53:07.216466+09:00 0 [Note] /usr/sbin/mysqld (mysqld 5.7.36-log) starting as process 1 ...
2022-08-15T14:53:07.236084+09:00 0 [Warning] Setting lower_case_table_names=2 because file system for /var/lib/mysql/ is case insensitive
2022-08-15T14:53:07.260401+09:00 0 [Note] InnoDB: PUNCH HOLE support available
2022-08-15T14:53:07.263015+09:00 0 [Note] InnoDB: Mutexes and rw_locks use GCC atomic builtins
2022-08-15T14:53:07.263648+09:00 0 [Note] InnoDB: Uses event mutexes
2022-08-15T14:53:07.264309+09:00 0 [Note] InnoDB: GCC builtin __atomic_thread_fence() is used for memory barrier
2022-08-15T14:53:07.264980+09:00 0 [Note] InnoDB: Compressed tables use zlib 1.2.11
2022-08-15T14:53:07.265643+09:00 0 [Note] InnoDB: Using Linux native AIO
2022-08-15T14:53:07.270957+09:00 0 [Note] InnoDB: Number of pools: 1
2022-08-15T14:53:07.273931+09:00 0 [Note] InnoDB: Using CPU crc32 instructions
2022-08-15T14:53:07.276266+09:00 0 [ERROR] InnoDB: Linux Native AIO interface is not supported on this platform. Please check your OS documentation and install appropriate binary of InnoDB.
2022-08-15T14:53:07.276939+09:00 0 [Note] InnoDB: You can disable Linux Native AIO by setting innodb_use_native_aio = 0 in my.cnf
2022-08-15T14:53:07.277730+09:00 0 [Warning] InnoDB: Linux Native AIO disabled.
2022-08-15T14:53:07.282099+09:00 0 [Note] InnoDB: Initializing buffer pool, total size = 128M, instances = 1, chunk size = 128M
2022-08-15T14:53:07.337832+09:00 0 [Note] InnoDB: Completed initialization of buffer pool
2022-08-15T14:53:07.358340+09:00 0 [Note] InnoDB: If the mysqld execution user is authorized, page cleaner thread priority can be changed. See the man page of setpriority().
2022-08-15T14:53:07.437050+09:00 0 [Note] InnoDB: Highest supported file format is Barracuda.
2022-08-15T14:53:07.593124+09:00 0 [Note] InnoDB: Creating shared tablespace for temporary tables
2022-08-15T14:53:07.598649+09:00 0 [Note] InnoDB: Setting file './ibtmp1' size to 12 MB. Physically writing the file full; Please wait ...
2022-08-15T14:53:07.791226+09:00 0 [Note] InnoDB: File './ibtmp1' size is now 12 MB.
2022-08-15T14:53:07.800838+09:00 0 [Note] InnoDB: 96 redo rollback segment(s) found. 96 redo rollback segment(s) are active.
2022-08-15T14:53:07.801489+09:00 0 [Note] InnoDB: 32 non-redo rollback segment(s) are active.
2022-08-15T14:53:07.809729+09:00 0 [Note] InnoDB: Waiting for purge to start
2022-08-15T14:53:07.861310+09:00 0 [Note] InnoDB: 5.7.36 started; log sequence number 12660409
2022-08-15T14:53:07.864603+09:00 0 [Note] InnoDB: Loading buffer pool(s) from /var/lib/mysql/ib_buffer_pool
2022-08-15T14:53:07.870092+09:00 0 [Note] Plugin 'FEDERATED' is disabled.
2022-08-15T14:53:07.979630+09:00 0 [Note] InnoDB: Buffer pool(s) load completed at 220815 14:53:07
2022-08-15T14:53:07.982406+09:00 0 [Note] Found ca.pem, server-cert.pem and server-key.pem in data directory. Trying to enable SSL support using them.
2022-08-15T14:53:07.983095+09:00 0 [Note] Skipping generation of SSL certificates as certificate files are present in data directory.
2022-08-15T14:53:07.983891+09:00 0 [Warning] A deprecated TLS version TLSv1 is enabled. Please use TLSv1.2 or higher.
2022-08-15T14:53:07.984504+09:00 0 [Warning] A deprecated TLS version TLSv1.1 is enabled. Please use TLSv1.2 or higher.
2022-08-15T14:53:08.010876+09:00 0 [Warning] CA certificate ca.pem is self signed.
2022-08-15T14:53:08.013313+09:00 0 [Note] Skipping generation of RSA key pair as key files are present in data directory.
2022-08-15T14:53:08.023433+09:00 0 [Note] Server hostname (bind-address): '*'; port: 3306
2022-08-15T14:53:08.024570+09:00 0 [Note] IPv6 is available.
2022-08-15T14:53:08.025387+09:00 0 [Note]   - '::' resolves to '::';
2022-08-15T14:53:08.026280+09:00 0 [Note] Server socket created on IP: '::'.
2022-08-15T14:53:08.028939+09:00 0 [Warning] Insecure configuration for --pid-file: Location '/var/run/mysqld' in the path is accessible to all OS users. Consider choosing a different directory.
2022-08-15T14:53:08.348137+09:00 0 [Note] Event Scheduler: Loaded 0 events
2022-08-15T14:53:08.351017+09:00 0 [Note] /usr/sbin/mysqld: ready for connections.
Version: '5.7.36-log'  socket: '/var/run/mysqld/mysqld.sock'  port: 3306  MySQL Community Server (GPL)
2022-08-15T14:53:38.115807+09:00 2 [Note] Access denied for user 'root'@'172.19.0.3' (using password: YES)
2022-08-15T14:55:29.630601+09:00 3 [Note] Access denied for user 'root'@'172.19.0.3' (using password: YES)
2022-08-15T14:56:17.422562+09:00 4 [Note] Access denied for user 'root'@'172.19.0.3' (using password: YES)
2022-08-15T14:59:34.709107+09:00 6 [Note] Access denied for user 'root'@'172.19.0.3' (using password: YES)
2022-08-16T13:26:06.587630+09:00 0 [Note] Giving 0 client threads a chance to die gracefully
2022-08-16T13:26:06.652848+09:00 0 [Note] Shutting down slave threads
2022-08-16T13:26:06.665440+09:00 0 [Note] Forcefully disconnecting 0 remaining clients
2022-08-16T13:26:06.699456+09:00 0 [Note] Event Scheduler: Purging the queue. 0 events
2022-08-16T13:26:06.829461+09:00 0 [Note] Binlog end
2022-08-16T13:26:07.044584+09:00 0 [Note] Shutting down plugin 'ngram'
2022-08-16T13:26:07.058851+09:00 0 [Note] Shutting down plugin 'partition'
2022-08-16T13:26:07.059438+09:00 0 [Note] Shutting down plugin 'BLACKHOLE'
2022-08-16T13:26:07.061534+09:00 0 [Note] Shutting down plugin 'ARCHIVE'
2022-08-16T13:26:07.062108+09:00 0 [Note] Shutting down plugin 'PERFORMANCE_SCHEMA'
2022-08-16T13:26:07.066077+09:00 0 [Note] Shutting down plugin 'MRG_MYISAM'
2022-08-16T13:26:07.067189+09:00 0 [Note] Shutting down plugin 'MyISAM'
2022-08-16T13:26:07.069347+09:00 0 [Note] Shutting down plugin 'INNODB_SYS_VIRTUAL'
2022-08-16T13:26:07.071014+09:00 0 [Note] Shutting down plugin 'INNODB_SYS_DATAFILES'
2022-08-16T13:26:07.071953+09:00 0 [Note] Shutting down plugin 'INNODB_SYS_TABLESPACES'
2022-08-16T13:26:07.072833+09:00 0 [Note] Shutting down plugin 'INNODB_SYS_FOREIGN_COLS'
2022-08-16T13:26:07.073670+09:00 0 [Note] Shutting down plugin 'INNODB_SYS_FOREIGN'
2022-08-16T13:26:07.074806+09:00 0 [Note] Shutting down plugin 'INNODB_SYS_FIELDS'
2022-08-16T13:26:07.075537+09:00 0 [Note] Shutting down plugin 'INNODB_SYS_COLUMNS'
2022-08-16T13:26:07.077250+09:00 0 [Note] Shutting down plugin 'INNODB_SYS_INDEXES'
2022-08-16T13:26:07.078127+09:00 0 [Note] Shutting down plugin 'INNODB_SYS_TABLESTATS'
2022-08-16T13:26:07.078812+09:00 0 [Note] Shutting down plugin 'INNODB_SYS_TABLES'
2022-08-16T13:26:07.079675+09:00 0 [Note] Shutting down plugin 'INNODB_FT_INDEX_TABLE'
2022-08-16T13:26:07.080188+09:00 0 [Note] Shutting down plugin 'INNODB_FT_INDEX_CACHE'
2022-08-16T13:26:07.080639+09:00 0 [Note] Shutting down plugin 'INNODB_FT_CONFIG'
2022-08-16T13:26:07.081107+09:00 0 [Note] Shutting down plugin 'INNODB_FT_BEING_DELETED'
2022-08-16T13:26:07.081665+09:00 0 [Note] Shutting down plugin 'INNODB_FT_DELETED'
2022-08-16T13:26:07.082192+09:00 0 [Note] Shutting down plugin 'INNODB_FT_DEFAULT_STOPWORD'
2022-08-16T13:26:07.083282+09:00 0 [Note] Shutting down plugin 'INNODB_METRICS'
2022-08-16T13:26:07.083858+09:00 0 [Note] Shutting down plugin 'INNODB_TEMP_TABLE_INFO'
2022-08-16T13:26:07.084586+09:00 0 [Note] Shutting down plugin 'INNODB_BUFFER_POOL_STATS'
2022-08-16T13:26:07.085404+09:00 0 [Note] Shutting down plugin 'INNODB_BUFFER_PAGE_LRU'
2022-08-16T13:26:07.086001+09:00 0 [Note] Shutting down plugin 'INNODB_BUFFER_PAGE'
2022-08-16T13:26:07.086848+09:00 0 [Note] Shutting down plugin 'INNODB_CMP_PER_INDEX_RESET'
2022-08-16T13:26:07.087351+09:00 0 [Note] Shutting down plugin 'INNODB_CMP_PER_INDEX'
2022-08-16T13:26:07.087820+09:00 0 [Note] Shutting down plugin 'INNODB_CMPMEM_RESET'
2022-08-16T13:26:07.088248+09:00 0 [Note] Shutting down plugin 'INNODB_CMPMEM'
2022-08-16T13:26:07.089112+09:00 0 [Note] Shutting down plugin 'INNODB_CMP_RESET'
2022-08-16T13:26:07.089964+09:00 0 [Note] Shutting down plugin 'INNODB_CMP'
2022-08-16T13:26:07.091045+09:00 0 [Note] Shutting down plugin 'INNODB_LOCK_WAITS'
2022-08-16T13:26:07.091551+09:00 0 [Note] Shutting down plugin 'INNODB_LOCKS'
2022-08-16T13:26:07.092086+09:00 0 [Note] Shutting down plugin 'INNODB_TRX'
2022-08-16T13:26:07.092730+09:00 0 [Note] Shutting down plugin 'InnoDB'
2022-08-16T13:26:07.104207+09:00 0 [Note] InnoDB: FTS optimize thread exiting.
2022-08-16T13:26:07.113785+09:00 0 [Note] InnoDB: Starting shutdown...
2022-08-16T13:26:07.233826+09:00 0 [Note] InnoDB: Dumping buffer pool(s) to /var/lib/mysql/ib_buffer_pool
2022-08-16T13:26:07.254920+09:00 0 [Note] InnoDB: Buffer pool(s) dump completed at 220816 13:26:07
2022-08-16T13:26:08.498129+09:00 0 [Note] InnoDB: Shutdown completed; log sequence number 13032988
2022-08-16T13:26:08.507015+09:00 0 [Note] InnoDB: Removed temporary tablespace data file: "ibtmp1"
2022-08-16T13:26:08.508037+09:00 0 [Note] Shutting down plugin 'MEMORY'
2022-08-16T13:26:08.509002+09:00 0 [Note] Shutting down plugin 'CSV'
2022-08-16T13:26:08.510063+09:00 0 [Note] Shutting down plugin 'sha256_password'
2022-08-16T13:26:08.510617+09:00 0 [Note] Shutting down plugin 'mysql_native_password'
2022-08-16T13:26:08.515975+09:00 0 [Note] Shutting down plugin 'binlog'
2022-08-16T13:26:08.820901+09:00 0 [Note] /usr/sbin/mysqld: Shutdown complete

2022-08-16T13:26:13.341305+09:00 0 [Warning] TIMESTAMP with implicit DEFAULT value is deprecated. Please use --explicit_defaults_for_timestamp server option (see documentation for more details).
2022-08-16T13:26:13.358917+09:00 0 [Note] /usr/sbin/mysqld (mysqld 5.7.36-log) starting as process 1 ...
2022-08-16T13:26:13.377180+09:00 0 [Warning] Setting lower_case_table_names=2 because file system for /var/lib/mysql/ is case insensitive
2022-08-16T13:26:13.401278+09:00 0 [Note] InnoDB: PUNCH HOLE support available
2022-08-16T13:26:13.403864+09:00 0 [Note] InnoDB: Mutexes and rw_locks use GCC atomic builtins
2022-08-16T13:26:13.404709+09:00 0 [Note] InnoDB: Uses event mutexes
2022-08-16T13:26:13.405274+09:00 0 [Note] InnoDB: GCC builtin __atomic_thread_fence() is used for memory barrier
2022-08-16T13:26:13.405911+09:00 0 [Note] InnoDB: Compressed tables use zlib 1.2.11
2022-08-16T13:26:13.406475+09:00 0 [Note] InnoDB: Using Linux native AIO
2022-08-16T13:26:13.412061+09:00 0 [Note] InnoDB: Number of pools: 1
2022-08-16T13:26:13.414805+09:00 0 [Note] InnoDB: Using CPU crc32 instructions
2022-08-16T13:26:13.418827+09:00 0 [ERROR] InnoDB: Linux Native AIO interface is not supported on this platform. Please check your OS documentation and install appropriate binary of InnoDB.
2022-08-16T13:26:13.419461+09:00 0 [Note] InnoDB: You can disable Linux Native AIO by setting innodb_use_native_aio = 0 in my.cnf
2022-08-16T13:26:13.420090+09:00 0 [Warning] InnoDB: Linux Native AIO disabled.
2022-08-16T13:26:13.424764+09:00 0 [Note] InnoDB: Initializing buffer pool, total size = 128M, instances = 1, chunk size = 128M
2022-08-16T13:26:13.476969+09:00 0 [Note] InnoDB: Completed initialization of buffer pool
2022-08-16T13:26:13.498531+09:00 0 [Note] InnoDB: If the mysqld execution user is authorized, page cleaner thread priority can be changed. See the man page of setpriority().
2022-08-16T13:26:13.595308+09:00 0 [Note] InnoDB: Highest supported file format is Barracuda.
2022-08-16T13:26:13.833577+09:00 0 [Note] InnoDB: Creating shared tablespace for temporary tables
2022-08-16T13:26:13.837887+09:00 0 [Note] InnoDB: Setting file './ibtmp1' size to 12 MB. Physically writing the file full; Please wait ...
2022-08-16T13:26:14.031062+09:00 0 [Note] InnoDB: File './ibtmp1' size is now 12 MB.
2022-08-16T13:26:14.040515+09:00 0 [Note] InnoDB: 96 redo rollback segment(s) found. 96 redo rollback segment(s) are active.
2022-08-16T13:26:14.041126+09:00 0 [Note] InnoDB: 32 non-redo rollback segment(s) are active.
2022-08-16T13:26:14.048919+09:00 0 [Note] InnoDB: Waiting for purge to start
2022-08-16T13:26:14.101562+09:00 0 [Note] InnoDB: 5.7.36 started; log sequence number 13032988
2022-08-16T13:26:14.105034+09:00 0 [Note] InnoDB: Loading buffer pool(s) from /var/lib/mysql/ib_buffer_pool
2022-08-16T13:26:14.112567+09:00 0 [Note] Plugin 'FEDERATED' is disabled.
2022-08-16T13:26:14.160315+09:00 0 [Note] InnoDB: Buffer pool(s) load completed at 220816 13:26:14
2022-08-16T13:26:14.202510+09:00 0 [Note] Found ca.pem, server-cert.pem and server-key.pem in data directory. Trying to enable SSL support using them.
2022-08-16T13:26:14.203575+09:00 0 [Note] Skipping generation of SSL certificates as certificate files are present in data directory.
2022-08-16T13:26:14.204160+09:00 0 [Warning] A deprecated TLS version TLSv1 is enabled. Please use TLSv1.2 or higher.
2022-08-16T13:26:14.204804+09:00 0 [Warning] A deprecated TLS version TLSv1.1 is enabled. Please use TLSv1.2 or higher.
2022-08-16T13:26:14.230359+09:00 0 [Warning] CA certificate ca.pem is self signed.
2022-08-16T13:26:14.232250+09:00 0 [Note] Skipping generation of RSA key pair as key files are present in data directory.
2022-08-16T13:26:14.240392+09:00 0 [Note] Server hostname (bind-address): '*'; port: 3306
2022-08-16T13:26:14.241685+09:00 0 [Note] IPv6 is available.
2022-08-16T13:26:14.242551+09:00 0 [Note]   - '::' resolves to '::';
2022-08-16T13:26:14.243535+09:00 0 [Note] Server socket created on IP: '::'.
2022-08-16T13:26:14.247508+09:00 0 [Warning] Insecure configuration for --pid-file: Location '/var/run/mysqld' in the path is accessible to all OS users. Consider choosing a different directory.
2022-08-16T13:26:14.476287+09:00 0 [Note] Event Scheduler: Loaded 0 events
2022-08-16T13:26:14.479199+09:00 0 [Note] /usr/sbin/mysqld: ready for connections.
Version: '5.7.36-log'  socket: '/var/run/mysqld/mysqld.sock'  port: 3306  MySQL Community Server (GPL)
2022-08-16T17:47:03.957518+09:00 0 [Note] Giving 0 client threads a chance to die gracefully
2022-08-16T17:47:03.963878+09:00 0 [Note] Shutting down slave threads
2022-08-16T17:47:03.965007+09:00 0 [Note] Forcefully disconnecting 0 remaining clients
2022-08-16T17:47:03.966321+09:00 0 [Note] Event Scheduler: Purging the queue. 0 events
2022-08-16T17:47:03.980802+09:00 0 [Note] Binlog end
2022-08-16T17:47:04.068225+09:00 0 [Note] Shutting down plugin 'ngram'
2022-08-16T17:47:04.071248+09:00 0 [Note] Shutting down plugin 'partition'
2022-08-16T17:47:04.072943+09:00 0 [Note] Shutting down plugin 'BLACKHOLE'
2022-08-16T17:47:04.074441+09:00 0 [Note] Shutting down plugin 'ARCHIVE'
2022-08-16T17:47:04.081011+09:00 0 [Note] Shutting down plugin 'PERFORMANCE_SCHEMA'
2022-08-16T17:47:04.088486+09:00 0 [Note] Shutting down plugin 'MRG_MYISAM'
2022-08-16T17:47:04.089916+09:00 0 [Note] Shutting down plugin 'MyISAM'
2022-08-16T17:47:04.093787+09:00 0 [Note] Shutting down plugin 'INNODB_SYS_VIRTUAL'
2022-08-16T17:47:04.094957+09:00 0 [Note] Shutting down plugin 'INNODB_SYS_DATAFILES'
2022-08-16T17:47:04.095524+09:00 0 [Note] Shutting down plugin 'INNODB_SYS_TABLESPACES'
2022-08-16T17:47:04.096894+09:00 0 [Note] Shutting down plugin 'INNODB_SYS_FOREIGN_COLS'
2022-08-16T17:47:04.100352+09:00 0 [Note] Shutting down plugin 'INNODB_SYS_FOREIGN'
2022-08-16T17:47:04.100917+09:00 0 [Note] Shutting down plugin 'INNODB_SYS_FIELDS'
2022-08-16T17:47:04.101578+09:00 0 [Note] Shutting down plugin 'INNODB_SYS_COLUMNS'
2022-08-16T17:47:04.102216+09:00 0 [Note] Shutting down plugin 'INNODB_SYS_INDEXES'
2022-08-16T17:47:04.103012+09:00 0 [Note] Shutting down plugin 'INNODB_SYS_TABLESTATS'
2022-08-16T17:47:04.103568+09:00 0 [Note] Shutting down plugin 'INNODB_SYS_TABLES'
2022-08-16T17:47:04.104041+09:00 0 [Note] Shutting down plugin 'INNODB_FT_INDEX_TABLE'
2022-08-16T17:47:04.104569+09:00 0 [Note] Shutting down plugin 'INNODB_FT_INDEX_CACHE'
2022-08-16T17:47:04.105157+09:00 0 [Note] Shutting down plugin 'INNODB_FT_CONFIG'
2022-08-16T17:47:04.105685+09:00 0 [Note] Shutting down plugin 'INNODB_FT_BEING_DELETED'
2022-08-16T17:47:04.106300+09:00 0 [Note] Shutting down plugin 'INNODB_FT_DELETED'
2022-08-16T17:47:04.106809+09:00 0 [Note] Shutting down plugin 'INNODB_FT_DEFAULT_STOPWORD'
2022-08-16T17:47:04.107445+09:00 0 [Note] Shutting down plugin 'INNODB_METRICS'
2022-08-16T17:47:04.108074+09:00 0 [Note] Shutting down plugin 'INNODB_TEMP_TABLE_INFO'
2022-08-16T17:47:04.108674+09:00 0 [Note] Shutting down plugin 'INNODB_BUFFER_POOL_STATS'
2022-08-16T17:47:04.109263+09:00 0 [Note] Shutting down plugin 'INNODB_BUFFER_PAGE_LRU'
2022-08-16T17:47:04.109578+09:00 0 [Note] Shutting down plugin 'INNODB_BUFFER_PAGE'
2022-08-16T17:47:04.110294+09:00 0 [Note] Shutting down plugin 'INNODB_CMP_PER_INDEX_RESET'
2022-08-16T17:47:04.110791+09:00 0 [Note] Shutting down plugin 'INNODB_CMP_PER_INDEX'
2022-08-16T17:47:04.111554+09:00 0 [Note] Shutting down plugin 'INNODB_CMPMEM_RESET'
2022-08-16T17:47:04.112139+09:00 0 [Note] Shutting down plugin 'INNODB_CMPMEM'
2022-08-16T17:47:04.112709+09:00 0 [Note] Shutting down plugin 'INNODB_CMP_RESET'
2022-08-16T17:47:04.113585+09:00 0 [Note] Shutting down plugin 'INNODB_CMP'
2022-08-16T17:47:04.114549+09:00 0 [Note] Shutting down plugin 'INNODB_LOCK_WAITS'
2022-08-16T17:47:04.123446+09:00 0 [Note] Shutting down plugin 'INNODB_LOCKS'
2022-08-16T17:47:04.124096+09:00 0 [Note] Shutting down plugin 'INNODB_TRX'
2022-08-16T17:47:04.124513+09:00 0 [Note] Shutting down plugin 'InnoDB'
2022-08-16T17:47:04.136318+09:00 0 [Note] InnoDB: FTS optimize thread exiting.
2022-08-16T17:47:04.147928+09:00 0 [Note] InnoDB: Starting shutdown...
2022-08-16T17:47:04.262351+09:00 0 [Note] InnoDB: Dumping buffer pool(s) to /var/lib/mysql/ib_buffer_pool
2022-08-16T17:47:04.283349+09:00 0 [Note] InnoDB: Buffer pool(s) dump completed at 220816 17:47:04
2022-08-16T17:47:05.448932+09:00 0 [Note] InnoDB: Shutdown completed; log sequence number 13135256
2022-08-16T17:47:05.453586+09:00 0 [Note] InnoDB: Removed temporary tablespace data file: "ibtmp1"
2022-08-16T17:47:05.454631+09:00 0 [Note] Shutting down plugin 'MEMORY'
2022-08-16T17:47:05.455734+09:00 0 [Note] Shutting down plugin 'CSV'
2022-08-16T17:47:05.456348+09:00 0 [Note] Shutting down plugin 'sha256_password'
2022-08-16T17:47:05.457253+09:00 0 [Note] Shutting down plugin 'mysql_native_password'
2022-08-16T17:47:05.460214+09:00 0 [Note] Shutting down plugin 'binlog'
2022-08-16T17:47:05.573203+09:00 0 [Note] /usr/sbin/mysqld: Shutdown complete

2022-08-17T14:59:46.409444+09:00 0 [Warning] TIMESTAMP with implicit DEFAULT value is deprecated. Please use --explicit_defaults_for_timestamp server option (see documentation for more details).
2022-08-17T14:59:46.424331+09:00 0 [Note] /usr/sbin/mysqld (mysqld 5.7.36-log) starting as process 1 ...
2022-08-17T14:59:46.445336+09:00 0 [Warning] Setting lower_case_table_names=2 because file system for /var/lib/mysql/ is case insensitive
2022-08-17T14:59:46.471062+09:00 0 [Note] InnoDB: PUNCH HOLE support available
2022-08-17T14:59:46.473716+09:00 0 [Note] InnoDB: Mutexes and rw_locks use GCC atomic builtins
2022-08-17T14:59:46.474375+09:00 0 [Note] InnoDB: Uses event mutexes
2022-08-17T14:59:46.475167+09:00 0 [Note] InnoDB: GCC builtin __atomic_thread_fence() is used for memory barrier
2022-08-17T14:59:46.476044+09:00 0 [Note] InnoDB: Compressed tables use zlib 1.2.11
2022-08-17T14:59:46.476660+09:00 0 [Note] InnoDB: Using Linux native AIO
2022-08-17T14:59:46.482810+09:00 0 [Note] InnoDB: Number of pools: 1
2022-08-17T14:59:46.486227+09:00 0 [Note] InnoDB: Using CPU crc32 instructions
2022-08-17T14:59:46.488819+09:00 0 [ERROR] InnoDB: Linux Native AIO interface is not supported on this platform. Please check your OS documentation and install appropriate binary of InnoDB.
2022-08-17T14:59:46.489760+09:00 0 [Note] InnoDB: You can disable Linux Native AIO by setting innodb_use_native_aio = 0 in my.cnf
2022-08-17T14:59:46.490492+09:00 0 [Warning] InnoDB: Linux Native AIO disabled.
2022-08-17T14:59:46.495394+09:00 0 [Note] InnoDB: Initializing buffer pool, total size = 128M, instances = 1, chunk size = 128M
2022-08-17T14:59:46.552101+09:00 0 [Note] InnoDB: Completed initialization of buffer pool
2022-08-17T14:59:46.573940+09:00 0 [Note] InnoDB: If the mysqld execution user is authorized, page cleaner thread priority can be changed. See the man page of setpriority().
2022-08-17T14:59:46.675436+09:00 0 [Note] InnoDB: Highest supported file format is Barracuda.
2022-08-17T14:59:46.952319+09:00 0 [Note] InnoDB: Creating shared tablespace for temporary tables
2022-08-17T14:59:46.959855+09:00 0 [Note] InnoDB: Setting file './ibtmp1' size to 12 MB. Physically writing the file full; Please wait ...
2022-08-17T14:59:47.173080+09:00 0 [Note] InnoDB: File './ibtmp1' size is now 12 MB.
2022-08-17T14:59:47.182159+09:00 0 [Note] InnoDB: 96 redo rollback segment(s) found. 96 redo rollback segment(s) are active.
2022-08-17T14:59:47.182777+09:00 0 [Note] InnoDB: 32 non-redo rollback segment(s) are active.
2022-08-17T14:59:47.192348+09:00 0 [Note] InnoDB: Waiting for purge to start
2022-08-17T14:59:47.243947+09:00 0 [Note] InnoDB: 5.7.36 started; log sequence number 13135256
2022-08-17T14:59:47.246933+09:00 0 [Note] InnoDB: Loading buffer pool(s) from /var/lib/mysql/ib_buffer_pool
2022-08-17T14:59:47.253136+09:00 0 [Note] Plugin 'FEDERATED' is disabled.
2022-08-17T14:59:47.406531+09:00 0 [Note] Found ca.pem, server-cert.pem and server-key.pem in data directory. Trying to enable SSL support using them.
2022-08-17T14:59:47.408177+09:00 0 [Note] Skipping generation of SSL certificates as certificate files are present in data directory.
2022-08-17T14:59:47.409117+09:00 0 [Warning] A deprecated TLS version TLSv1 is enabled. Please use TLSv1.2 or higher.
2022-08-17T14:59:47.410657+09:00 0 [Warning] A deprecated TLS version TLSv1.1 is enabled. Please use TLSv1.2 or higher.
2022-08-17T14:59:47.415580+09:00 0 [Note] InnoDB: Buffer pool(s) load completed at 220817 14:59:47
2022-08-17T14:59:47.441258+09:00 0 [Warning] CA certificate ca.pem is self signed.
2022-08-17T14:59:47.443282+09:00 0 [Note] Skipping generation of RSA key pair as key files are present in data directory.
2022-08-17T14:59:47.455781+09:00 0 [Note] Server hostname (bind-address): '*'; port: 3306
2022-08-17T14:59:47.457309+09:00 0 [Note] IPv6 is available.
2022-08-17T14:59:47.458288+09:00 0 [Note]   - '::' resolves to '::';
2022-08-17T14:59:47.459334+09:00 0 [Note] Server socket created on IP: '::'.
2022-08-17T14:59:47.462596+09:00 0 [Warning] Insecure configuration for --pid-file: Location '/var/run/mysqld' in the path is accessible to all OS users. Consider choosing a different directory.
2022-08-17T14:59:47.825990+09:00 0 [Note] Event Scheduler: Loaded 0 events
2022-08-17T14:59:47.828838+09:00 0 [Note] /usr/sbin/mysqld: ready for connections.
Version: '5.7.36-log'  socket: '/var/run/mysqld/mysqld.sock'  port: 3306  MySQL Community Server (GPL)
2022-08-17T15:01:18.795105+09:00 0 [Note] Giving 0 client threads a chance to die gracefully
2022-08-17T15:01:18.796624+09:00 0 [Note] Shutting down slave threads
2022-08-17T15:01:18.799162+09:00 0 [Note] Forcefully disconnecting 0 remaining clients
2022-08-17T15:01:18.800065+09:00 0 [Note] Event Scheduler: Purging the queue. 0 events
2022-08-17T15:01:18.801446+09:00 0 [Note] Binlog end
2022-08-17T15:01:18.807238+09:00 0 [Note] Shutting down plugin 'ngram'
2022-08-17T15:01:18.808139+09:00 0 [Note] Shutting down plugin 'partition'
2022-08-17T15:01:18.809489+09:00 0 [Note] Shutting down plugin 'BLACKHOLE'
2022-08-17T15:01:18.810939+09:00 0 [Note] Shutting down plugin 'ARCHIVE'
2022-08-17T15:01:18.811888+09:00 0 [Note] Shutting down plugin 'PERFORMANCE_SCHEMA'
2022-08-17T15:01:18.813654+09:00 0 [Note] Shutting down plugin 'MRG_MYISAM'
2022-08-17T15:01:18.814454+09:00 0 [Note] Shutting down plugin 'MyISAM'
2022-08-17T15:01:18.815277+09:00 0 [Note] Shutting down plugin 'INNODB_SYS_VIRTUAL'
2022-08-17T15:01:18.816941+09:00 0 [Note] Shutting down plugin 'INNODB_SYS_DATAFILES'
2022-08-17T15:01:18.818925+09:00 0 [Note] Shutting down plugin 'INNODB_SYS_TABLESPACES'
2022-08-17T15:01:18.820387+09:00 0 [Note] Shutting down plugin 'INNODB_SYS_FOREIGN_COLS'
2022-08-17T15:01:18.821262+09:00 0 [Note] Shutting down plugin 'INNODB_SYS_FOREIGN'
2022-08-17T15:01:18.822923+09:00 0 [Note] Shutting down plugin 'INNODB_SYS_FIELDS'
2022-08-17T15:01:18.823726+09:00 0 [Note] Shutting down plugin 'INNODB_SYS_COLUMNS'
2022-08-17T15:01:18.824378+09:00 0 [Note] Shutting down plugin 'INNODB_SYS_INDEXES'
2022-08-17T15:01:18.825255+09:00 0 [Note] Shutting down plugin 'INNODB_SYS_TABLESTATS'
2022-08-17T15:01:18.826035+09:00 0 [Note] Shutting down plugin 'INNODB_SYS_TABLES'
2022-08-17T15:01:18.826671+09:00 0 [Note] Shutting down plugin 'INNODB_FT_INDEX_TABLE'
2022-08-17T15:01:18.827626+09:00 0 [Note] Shutting down plugin 'INNODB_FT_INDEX_CACHE'
2022-08-17T15:01:18.828375+09:00 0 [Note] Shutting down plugin 'INNODB_FT_CONFIG'
2022-08-17T15:01:18.828960+09:00 0 [Note] Shutting down plugin 'INNODB_FT_BEING_DELETED'
2022-08-17T15:01:18.829775+09:00 0 [Note] Shutting down plugin 'INNODB_FT_DELETED'
2022-08-17T15:01:18.830471+09:00 0 [Note] Shutting down plugin 'INNODB_FT_DEFAULT_STOPWORD'
2022-08-17T15:01:18.831216+09:00 0 [Note] Shutting down plugin 'INNODB_METRICS'
2022-08-17T15:01:18.832603+09:00 0 [Note] Shutting down plugin 'INNODB_TEMP_TABLE_INFO'
2022-08-17T15:01:18.833841+09:00 0 [Note] Shutting down plugin 'INNODB_BUFFER_POOL_STATS'
2022-08-17T15:01:18.834568+09:00 0 [Note] Shutting down plugin 'INNODB_BUFFER_PAGE_LRU'
2022-08-17T15:01:18.836219+09:00 0 [Note] Shutting down plugin 'INNODB_BUFFER_PAGE'
2022-08-17T15:01:18.837176+09:00 0 [Note] Shutting down plugin 'INNODB_CMP_PER_INDEX_RESET'
2022-08-17T15:01:18.838001+09:00 0 [Note] Shutting down plugin 'INNODB_CMP_PER_INDEX'
2022-08-17T15:01:18.838603+09:00 0 [Note] Shutting down plugin 'INNODB_CMPMEM_RESET'
2022-08-17T15:01:18.839183+09:00 0 [Note] Shutting down plugin 'INNODB_CMPMEM'
2022-08-17T15:01:18.839754+09:00 0 [Note] Shutting down plugin 'INNODB_CMP_RESET'
2022-08-17T15:01:18.840321+09:00 0 [Note] Shutting down plugin 'INNODB_CMP'
2022-08-17T15:01:18.840861+09:00 0 [Note] Shutting down plugin 'INNODB_LOCK_WAITS'
2022-08-17T15:01:18.841408+09:00 0 [Note] Shutting down plugin 'INNODB_LOCKS'
2022-08-17T15:01:18.841940+09:00 0 [Note] Shutting down plugin 'INNODB_TRX'
2022-08-17T15:01:18.842762+09:00 0 [Note] Shutting down plugin 'InnoDB'
2022-08-17T15:01:18.844253+09:00 0 [Note] InnoDB: FTS optimize thread exiting.
2022-08-17T15:01:18.846033+09:00 0 [Note] InnoDB: Starting shutdown...
2022-08-17T15:01:18.953664+09:00 0 [Note] InnoDB: Dumping buffer pool(s) to /var/lib/mysql/ib_buffer_pool
2022-08-17T15:01:18.964618+09:00 0 [Note] InnoDB: Buffer pool(s) dump completed at 220817 15:01:18
2022-08-17T15:01:20.140418+09:00 0 [Note] InnoDB: Shutdown completed; log sequence number 13135284
2022-08-17T15:01:20.147456+09:00 0 [Note] InnoDB: Removed temporary tablespace data file: "ibtmp1"
2022-08-17T15:01:20.148755+09:00 0 [Note] Shutting down plugin 'MEMORY'
2022-08-17T15:01:20.150073+09:00 0 [Note] Shutting down plugin 'CSV'
2022-08-17T15:01:20.151224+09:00 0 [Note] Shutting down plugin 'sha256_password'
2022-08-17T15:01:20.152453+09:00 0 [Note] Shutting down plugin 'mysql_native_password'
2022-08-17T15:01:20.154908+09:00 0 [Note] Shutting down plugin 'binlog'
2022-08-17T15:01:20.163712+09:00 0 [Note] /usr/sbin/mysqld: Shutdown complete

2022-08-17T15:41:02.757116+09:00 0 [Warning] TIMESTAMP with implicit DEFAULT value is deprecated. Please use --explicit_defaults_for_timestamp server option (see documentation for more details).
2022-08-17T15:41:02.772697+09:00 0 [Note] /usr/sbin/mysqld (mysqld 5.7.36-log) starting as process 1 ...
2022-08-17T15:41:02.791971+09:00 0 [Warning] Setting lower_case_table_names=2 because file system for /var/lib/mysql/ is case insensitive
2022-08-17T15:41:02.817269+09:00 0 [Note] InnoDB: PUNCH HOLE support available
2022-08-17T15:41:02.820019+09:00 0 [Note] InnoDB: Mutexes and rw_locks use GCC atomic builtins
2022-08-17T15:41:02.820643+09:00 0 [Note] InnoDB: Uses event mutexes
2022-08-17T15:41:02.821332+09:00 0 [Note] InnoDB: GCC builtin __atomic_thread_fence() is used for memory barrier
2022-08-17T15:41:02.821951+09:00 0 [Note] InnoDB: Compressed tables use zlib 1.2.11
2022-08-17T15:41:02.822565+09:00 0 [Note] InnoDB: Using Linux native AIO
2022-08-17T15:41:02.827570+09:00 0 [Note] InnoDB: Number of pools: 1
2022-08-17T15:41:02.829819+09:00 0 [Note] InnoDB: Using CPU crc32 instructions
2022-08-17T15:41:02.832338+09:00 0 [ERROR] InnoDB: Linux Native AIO interface is not supported on this platform. Please check your OS documentation and install appropriate binary of InnoDB.
2022-08-17T15:41:02.833078+09:00 0 [Note] InnoDB: You can disable Linux Native AIO by setting innodb_use_native_aio = 0 in my.cnf
2022-08-17T15:41:02.834168+09:00 0 [Warning] InnoDB: Linux Native AIO disabled.
2022-08-17T15:41:02.838905+09:00 0 [Note] InnoDB: Initializing buffer pool, total size = 128M, instances = 1, chunk size = 128M
2022-08-17T15:41:02.894782+09:00 0 [Note] InnoDB: Completed initialization of buffer pool
2022-08-17T15:41:02.916665+09:00 0 [Note] InnoDB: If the mysqld execution user is authorized, page cleaner thread priority can be changed. See the man page of setpriority().
2022-08-17T15:41:03.026700+09:00 0 [Note] InnoDB: Highest supported file format is Barracuda.
2022-08-17T15:41:03.314646+09:00 0 [Note] InnoDB: Creating shared tablespace for temporary tables
2022-08-17T15:41:03.319741+09:00 0 [Note] InnoDB: Setting file './ibtmp1' size to 12 MB. Physically writing the file full; Please wait ...
2022-08-17T15:41:03.528314+09:00 0 [Note] InnoDB: File './ibtmp1' size is now 12 MB.
2022-08-17T15:41:03.538806+09:00 0 [Note] InnoDB: 96 redo rollback segment(s) found. 96 redo rollback segment(s) are active.
2022-08-17T15:41:03.539660+09:00 0 [Note] InnoDB: 32 non-redo rollback segment(s) are active.
2022-08-17T15:41:03.549395+09:00 0 [Note] InnoDB: Waiting for purge to start
2022-08-17T15:41:03.601069+09:00 0 [Note] InnoDB: 5.7.36 started; log sequence number 13135284
2022-08-17T15:41:03.604164+09:00 0 [Note] InnoDB: Loading buffer pool(s) from /var/lib/mysql/ib_buffer_pool
2022-08-17T15:41:03.609001+09:00 0 [Note] Plugin 'FEDERATED' is disabled.
2022-08-17T15:41:03.726289+09:00 0 [Note] Found ca.pem, server-cert.pem and server-key.pem in data directory. Trying to enable SSL support using them.
2022-08-17T15:41:03.727029+09:00 0 [Note] Skipping generation of SSL certificates as certificate files are present in data directory.
2022-08-17T15:41:03.728336+09:00 0 [Warning] A deprecated TLS version TLSv1 is enabled. Please use TLSv1.2 or higher.
2022-08-17T15:41:03.729706+09:00 0 [Warning] A deprecated TLS version TLSv1.1 is enabled. Please use TLSv1.2 or higher.
2022-08-17T15:41:03.769843+09:00 0 [Warning] CA certificate ca.pem is self signed.
2022-08-17T15:41:03.773483+09:00 0 [Note] Skipping generation of RSA key pair as key files are present in data directory.
2022-08-17T15:41:03.791155+09:00 0 [Note] Server hostname (bind-address): '*'; port: 3306
2022-08-17T15:41:03.793601+09:00 0 [Note] IPv6 is available.
2022-08-17T15:41:03.793612+09:00 0 [Note] InnoDB: Buffer pool(s) load completed at 220817 15:41:03
2022-08-17T15:41:03.794413+09:00 0 [Note]   - '::' resolves to '::';
2022-08-17T15:41:03.795695+09:00 0 [Note] Server socket created on IP: '::'.
2022-08-17T15:41:03.798440+09:00 0 [Warning] Insecure configuration for --pid-file: Location '/var/run/mysqld' in the path is accessible to all OS users. Consider choosing a different directory.
2022-08-17T15:41:04.168410+09:00 0 [Note] Event Scheduler: Loaded 0 events
2022-08-17T15:41:04.171722+09:00 0 [Note] /usr/sbin/mysqld: ready for connections.
Version: '5.7.36-log'  socket: '/var/run/mysqld/mysqld.sock'  port: 3306  MySQL Community Server (GPL)
2022-08-17T15:41:15.692551+09:00 0 [Note] Giving 0 client threads a chance to die gracefully
2022-08-17T15:41:15.694107+09:00 0 [Note] Shutting down slave threads
2022-08-17T15:41:15.695634+09:00 0 [Note] Forcefully disconnecting 0 remaining clients
2022-08-17T15:41:15.696754+09:00 0 [Note] Event Scheduler: Purging the queue. 0 events
2022-08-17T15:41:15.698528+09:00 0 [Note] Binlog end
2022-08-17T15:41:15.702396+09:00 0 [Note] Shutting down plugin 'ngram'
2022-08-17T15:41:15.703373+09:00 0 [Note] Shutting down plugin 'partition'
2022-08-17T15:41:15.704045+09:00 0 [Note] Shutting down plugin 'BLACKHOLE'
2022-08-17T15:41:15.704681+09:00 0 [Note] Shutting down plugin 'ARCHIVE'
2022-08-17T15:41:15.705394+09:00 0 [Note] Shutting down plugin 'PERFORMANCE_SCHEMA'
2022-08-17T15:41:15.706945+09:00 0 [Note] Shutting down plugin 'MRG_MYISAM'
2022-08-17T15:41:15.707550+09:00 0 [Note] Shutting down plugin 'MyISAM'
2022-08-17T15:41:15.709124+09:00 0 [Note] Shutting down plugin 'INNODB_SYS_VIRTUAL'
2022-08-17T15:41:15.710128+09:00 0 [Note] Shutting down plugin 'INNODB_SYS_DATAFILES'
2022-08-17T15:41:15.713816+09:00 0 [Note] Shutting down plugin 'INNODB_SYS_TABLESPACES'
2022-08-17T15:41:15.715106+09:00 0 [Note] Shutting down plugin 'INNODB_SYS_FOREIGN_COLS'
2022-08-17T15:41:15.716905+09:00 0 [Note] Shutting down plugin 'INNODB_SYS_FOREIGN'
2022-08-17T15:41:15.717813+09:00 0 [Note] Shutting down plugin 'INNODB_SYS_FIELDS'
2022-08-17T15:41:15.718945+09:00 0 [Note] Shutting down plugin 'INNODB_SYS_COLUMNS'
2022-08-17T15:41:15.720163+09:00 0 [Note] Shutting down plugin 'INNODB_SYS_INDEXES'
2022-08-17T15:41:15.721318+09:00 0 [Note] Shutting down plugin 'INNODB_SYS_TABLESTATS'
2022-08-17T15:41:15.722534+09:00 0 [Note] Shutting down plugin 'INNODB_SYS_TABLES'
2022-08-17T15:41:15.722987+09:00 0 [Note] Shutting down plugin 'INNODB_FT_INDEX_TABLE'
2022-08-17T15:41:15.723615+09:00 0 [Note] Shutting down plugin 'INNODB_FT_INDEX_CACHE'
2022-08-17T15:41:15.724614+09:00 0 [Note] Shutting down plugin 'INNODB_FT_CONFIG'
2022-08-17T15:41:15.725350+09:00 0 [Note] Shutting down plugin 'INNODB_FT_BEING_DELETED'
2022-08-17T15:41:15.726278+09:00 0 [Note] Shutting down plugin 'INNODB_FT_DELETED'
2022-08-17T15:41:15.727027+09:00 0 [Note] Shutting down plugin 'INNODB_FT_DEFAULT_STOPWORD'
2022-08-17T15:41:15.727499+09:00 0 [Note] Shutting down plugin 'INNODB_METRICS'
2022-08-17T15:41:15.728287+09:00 0 [Note] Shutting down plugin 'INNODB_TEMP_TABLE_INFO'
2022-08-17T15:41:15.729193+09:00 0 [Note] Shutting down plugin 'INNODB_BUFFER_POOL_STATS'
2022-08-17T15:41:15.729773+09:00 0 [Note] Shutting down plugin 'INNODB_BUFFER_PAGE_LRU'
2022-08-17T15:41:15.730288+09:00 0 [Note] Shutting down plugin 'INNODB_BUFFER_PAGE'
2022-08-17T15:41:15.730892+09:00 0 [Note] Shutting down plugin 'INNODB_CMP_PER_INDEX_RESET'
2022-08-17T15:41:15.731477+09:00 0 [Note] Shutting down plugin 'INNODB_CMP_PER_INDEX'
2022-08-17T15:41:15.731932+09:00 0 [Note] Shutting down plugin 'INNODB_CMPMEM_RESET'
2022-08-17T15:41:15.732639+09:00 0 [Note] Shutting down plugin 'INNODB_CMPMEM'
2022-08-17T15:41:15.733156+09:00 0 [Note] Shutting down plugin 'INNODB_CMP_RESET'
2022-08-17T15:41:15.733689+09:00 0 [Note] Shutting down plugin 'INNODB_CMP'
2022-08-17T15:41:15.734620+09:00 0 [Note] Shutting down plugin 'INNODB_LOCK_WAITS'
2022-08-17T15:41:15.735137+09:00 0 [Note] Shutting down plugin 'INNODB_LOCKS'
2022-08-17T15:41:15.735533+09:00 0 [Note] Shutting down plugin 'INNODB_TRX'
2022-08-17T15:41:15.740883+09:00 0 [Note] Shutting down plugin 'InnoDB'
2022-08-17T15:41:15.742170+09:00 0 [Note] InnoDB: FTS optimize thread exiting.
2022-08-17T15:41:15.744290+09:00 0 [Note] InnoDB: Starting shutdown...
2022-08-17T15:41:15.852492+09:00 0 [Note] InnoDB: Dumping buffer pool(s) to /var/lib/mysql/ib_buffer_pool
2022-08-17T15:41:15.877185+09:00 0 [Note] InnoDB: Buffer pool(s) dump completed at 220817 15:41:15
2022-08-17T15:41:17.086153+09:00 0 [Note] InnoDB: Shutdown completed; log sequence number 13135312
2022-08-17T15:41:17.090158+09:00 0 [Note] InnoDB: Removed temporary tablespace data file: "ibtmp1"
2022-08-17T15:41:17.091082+09:00 0 [Note] Shutting down plugin 'MEMORY'
2022-08-17T15:41:17.091809+09:00 0 [Note] Shutting down plugin 'CSV'
2022-08-17T15:41:17.092347+09:00 0 [Note] Shutting down plugin 'sha256_password'
2022-08-17T15:41:17.093046+09:00 0 [Note] Shutting down plugin 'mysql_native_password'
2022-08-17T15:41:17.094080+09:00 0 [Note] Shutting down plugin 'binlog'
2022-08-17T15:41:17.099319+09:00 0 [Note] /usr/sbin/mysqld: Shutdown complete

2022-08-20T20:54:47.317735+09:00 0 [Warning] TIMESTAMP with implicit DEFAULT value is deprecated. Please use --explicit_defaults_for_timestamp server option (see documentation for more details).
2022-08-20T20:54:47.331288+09:00 0 [Note] /usr/sbin/mysqld (mysqld 5.7.36-log) starting as process 1 ...
2022-08-20T20:54:47.349234+09:00 0 [Warning] Setting lower_case_table_names=2 because file system for /var/lib/mysql/ is case insensitive
2022-08-20T20:54:47.374310+09:00 0 [Note] InnoDB: PUNCH HOLE support available
2022-08-20T20:54:47.376791+09:00 0 [Note] InnoDB: Mutexes and rw_locks use GCC atomic builtins
2022-08-20T20:54:47.377334+09:00 0 [Note] InnoDB: Uses event mutexes
2022-08-20T20:54:47.377883+09:00 0 [Note] InnoDB: GCC builtin __atomic_thread_fence() is used for memory barrier
2022-08-20T20:54:47.378486+09:00 0 [Note] InnoDB: Compressed tables use zlib 1.2.11
2022-08-20T20:54:47.379536+09:00 0 [Note] InnoDB: Using Linux native AIO
2022-08-20T20:54:47.385834+09:00 0 [Note] InnoDB: Number of pools: 1
2022-08-20T20:54:47.388905+09:00 0 [Note] InnoDB: Using CPU crc32 instructions
2022-08-20T20:54:47.392016+09:00 0 [ERROR] InnoDB: Linux Native AIO interface is not supported on this platform. Please check your OS documentation and install appropriate binary of InnoDB.
2022-08-20T20:54:47.393325+09:00 0 [Note] InnoDB: You can disable Linux Native AIO by setting innodb_use_native_aio = 0 in my.cnf
2022-08-20T20:54:47.393988+09:00 0 [Warning] InnoDB: Linux Native AIO disabled.
2022-08-20T20:54:47.399610+09:00 0 [Note] InnoDB: Initializing buffer pool, total size = 128M, instances = 1, chunk size = 128M
2022-08-20T20:54:47.461373+09:00 0 [Note] InnoDB: Completed initialization of buffer pool
2022-08-20T20:54:47.491049+09:00 0 [Note] InnoDB: If the mysqld execution user is authorized, page cleaner thread priority can be changed. See the man page of setpriority().
2022-08-20T20:54:47.618044+09:00 0 [Note] InnoDB: Highest supported file format is Barracuda.
2022-08-20T20:54:47.884127+09:00 0 [Note] InnoDB: Creating shared tablespace for temporary tables
2022-08-20T20:54:47.891230+09:00 0 [Note] InnoDB: Setting file './ibtmp1' size to 12 MB. Physically writing the file full; Please wait ...
2022-08-20T20:54:48.114669+09:00 0 [Note] InnoDB: File './ibtmp1' size is now 12 MB.
2022-08-20T20:54:48.124906+09:00 0 [Note] InnoDB: 96 redo rollback segment(s) found. 96 redo rollback segment(s) are active.
2022-08-20T20:54:48.125745+09:00 0 [Note] InnoDB: 32 non-redo rollback segment(s) are active.
2022-08-20T20:54:48.133955+09:00 0 [Note] InnoDB: Waiting for purge to start
2022-08-20T20:54:48.187622+09:00 0 [Note] InnoDB: 5.7.36 started; log sequence number 13135312
2022-08-20T20:54:48.192342+09:00 0 [Note] InnoDB: Loading buffer pool(s) from /var/lib/mysql/ib_buffer_pool
2022-08-20T20:54:48.196016+09:00 0 [Note] Plugin 'FEDERATED' is disabled.
2022-08-20T20:54:48.321412+09:00 0 [Note] Found ca.pem, server-cert.pem and server-key.pem in data directory. Trying to enable SSL support using them.
2022-08-20T20:54:48.322840+09:00 0 [Note] Skipping generation of SSL certificates as certificate files are present in data directory.
2022-08-20T20:54:48.323524+09:00 0 [Warning] A deprecated TLS version TLSv1 is enabled. Please use TLSv1.2 or higher.
2022-08-20T20:54:48.324141+09:00 0 [Warning] A deprecated TLS version TLSv1.1 is enabled. Please use TLSv1.2 or higher.
2022-08-20T20:54:48.349901+09:00 0 [Note] InnoDB: Buffer pool(s) load completed at 220820 20:54:48
2022-08-20T20:54:48.360231+09:00 0 [Warning] CA certificate ca.pem is self signed.
2022-08-20T20:54:48.362764+09:00 0 [Note] Skipping generation of RSA key pair as key files are present in data directory.
2022-08-20T20:54:48.375492+09:00 0 [Note] Server hostname (bind-address): '*'; port: 3306
2022-08-20T20:54:48.377055+09:00 0 [Note] IPv6 is available.
2022-08-20T20:54:48.377894+09:00 0 [Note]   - '::' resolves to '::';
2022-08-20T20:54:48.378806+09:00 0 [Note] Server socket created on IP: '::'.
2022-08-20T20:54:48.381725+09:00 0 [Warning] Insecure configuration for --pid-file: Location '/var/run/mysqld' in the path is accessible to all OS users. Consider choosing a different directory.
2022-08-20T20:54:48.708883+09:00 0 [Note] Event Scheduler: Loaded 0 events
2022-08-20T20:54:48.711989+09:00 0 [Note] /usr/sbin/mysqld: ready for connections.
Version: '5.7.36-log'  socket: '/var/run/mysqld/mysqld.sock'  port: 3306  MySQL Community Server (GPL)
2022-08-23T05:40:03.306275+09:00 0 [Note] InnoDB: page_cleaner: 1000ms intended loop took 5773ms. The settings might not be optimal. (flushed=0 and evicted=0, during the time.)
